android/app/build/intermediates/manifest_merge_blame_file/debug/manifest-merger-blame-debug-report.txt
1<?xml version="1.0" encoding="utf-8"?>
2<manifest xmlns:android="http://schemas.android.com/apk/res/android"
3    package="com.osala"
4    android:versionCode="1"
5    android:versionName="1.1.0" >
6
7    <uses-sdk
8        android:minSdkVersion="21"
9        android:targetSdkVersion="31" />
10
11    <uses-permission android:name="android.permission.SYSTEM_ALERT_WINDOW" />
11-->src/debug/AndroidManifest.xml:5:5-77
11-->src/debug/AndroidManifest.xml:5:22-75
12    <uses-permission android:name="android.permission.INTERNET" />
12-->src/main/AndroidManifest.xml:4:5-67
12-->src/main/AndroidManifest.xml:4:22-64
13    <uses-permission android:name="android.permission.ACCESS_WIFI_STATE" />
13-->[com.facebook.flipper:flipper:0.125.0] AndroidManifest.xml:16:5-76
13-->[com.facebook.flipper:flipper:0.125.0] AndroidManifest.xml:16:22-73
14    <uses-permission android:name="android.permission.ACCESS_NETWORK_STATE" />
14-->[:react-native-community_netinfo] AndroidManifest.xml:9:5-79
14-->[:react-native-community_netinfo] AndroidManifest.xml:9:22-76
15    <uses-permission android:name="android.permission.WAKE_LOCK" />
15-->[:react-native-firebase_messaging] AndroidManifest.xml:10:5-68
15-->[:react-native-firebase_messaging] AndroidManifest.xml:10:22-65
16
17    <queries>
17-->[:react-native-image-crop-picker] AndroidManifest.xml:9:5-13:15
18        <intent>
18-->[:react-native-image-crop-picker] AndroidManifest.xml:10:9-12:18
19            <action android:name="android.media.action.IMAGE_CAPTURE" />
19-->[:react-native-image-crop-picker] AndroidManifest.xml:11:13-73
19-->[:react-native-image-crop-picker] AndroidManifest.xml:11:21-70
20        </intent>
21    </queries>
22
23    <uses-permission android:name="android.permission.WRITE_EXTERNAL_STORAGE" /> <!-- Include required permissions for Advertising Id -->
23-->[:react-native-image-crop-picker] AndroidManifest.xml:15:5-81
23-->[:react-native-image-crop-picker] AndroidManifest.xml:15:22-78
24    <uses-permission android:name="com.google.android.gms.permission.AD_ID" />
24-->[com.google.android.gms:play-services-ads-identifier:18.0.1] AndroidManifest.xml:23:5-79
24-->[com.google.android.gms:play-services-ads-identifier:18.0.1] AndroidManifest.xml:23:22-76
25    <uses-permission android:name="android.permission.POST_NOTIFICATIONS" /> <!-- Required by older versions of Google Play services to create IID tokens -->
25-->[com.google.firebase:firebase-messaging:23.1.0] AndroidManifest.xml:25:5-77
25-->[com.google.firebase:firebase-messaging:23.1.0] AndroidManifest.xml:25:22-74
26    <uses-permission android:name="com.google.android.c2dm.permission.RECEIVE" /> <!-- Permission will be merged into the manifest of the hosting app. -->
26-->[com.google.firebase:firebase-messaging:23.1.0] AndroidManifest.xml:28:5-82
26-->[com.google.firebase:firebase-messaging:23.1.0] AndroidManifest.xml:28:22-79
27    <!-- Is required to launch foreground extraction service for targetSdkVersion 28+. -->
28    <uses-permission android:name="android.permission.FOREGROUND_SERVICE" />
28-->[com.google.android.play:core:1.9.0] AndroidManifest.xml:8:3-74
28-->[com.google.android.play:core:1.9.0] AndroidManifest.xml:8:20-72
29
30    <application
30-->src/main/AndroidManifest.xml:6:5-39:19
31        android:name="com.osala.MainApplication"
31-->src/main/AndroidManifest.xml:7:7-38
32        android:allowBackup="false"
32-->src/main/AndroidManifest.xml:11:7-34
33        android:appComponentFactory="androidx.core.app.CoreComponentFactory"
33-->[androidx.core:core:1.7.0] AndroidManifest.xml:24:18-86
34        android:debuggable="true"
35        android:icon="@mipmap/ic_launcher"
35-->src/main/AndroidManifest.xml:9:7-41
36        android:label="@string/app_name"
36-->src/main/AndroidManifest.xml:8:7-39
37        android:roundIcon="@mipmap/ic_launcher_round"
37-->src/main/AndroidManifest.xml:10:7-52
38        android:theme="@style/AppTheme"
38-->src/main/AndroidManifest.xml:13:7-38
39        android:usesCleartextTraffic="true" >
39-->src/main/AndroidManifest.xml:12:7-42
40        <activity
40-->src/debug/AndroidManifest.xml:11:9-111
41            android:name="com.facebook.react.devsupport.DevSettingsActivity"
41-->src/debug/AndroidManifest.xml:11:19-83
42            android:exported="false" />
42-->src/debug/AndroidManifest.xml:11:84-108
43        <activity
43-->src/main/AndroidManifest.xml:14:7-38:18
44            android:name="com.osala.MainActivity"
44-->src/main/AndroidManifest.xml:15:9-37
45            android:configChanges="keyboard|keyboardHidden|orientation|screenLayout|screenSize|smallestScreenSize|uiMode"
45-->src/main/AndroidManifest.xml:17:9-118
46            android:exported="true"
46-->src/main/AndroidManifest.xml:20:9-32
47            android:label="@string/app_name"
47-->src/main/AndroidManifest.xml:16:9-41
48            android:launchMode="singleTask"
48-->src/main/AndroidManifest.xml:18:9-40
49            android:windowSoftInputMode="adjustResize" >
49-->src/main/AndroidManifest.xml:19:9-51
50            <intent-filter android:autoVerify="true" >
50-->src/main/AndroidManifest.xml:21:11-27:27
50-->src/main/AndroidManifest.xml:21:26-51
51                <action android:name="android.intent.action.VIEW" />
51-->src/main/AndroidManifest.xml:22:15-67
51-->src/main/AndroidManifest.xml:22:23-64
52
53                <category android:name="android.intent.category.DEFAULT" />
53-->src/main/AndroidManifest.xml:23:15-74
53-->src/main/AndroidManifest.xml:23:25-71
54                <category android:name="android.intent.category.BROWSABLE" />
54-->src/main/AndroidManifest.xml:24:15-76
54-->src/main/AndroidManifest.xml:24:25-73
55
56                <data
56-->src/main/AndroidManifest.xml:25:15-26:48
57                    android:host="osala.com"
57-->src/main/AndroidManifest.xml:26:21-45
58                    android:scheme="http" />
58-->src/main/AndroidManifest.xml:25:21-42
59            </intent-filter>
60            <intent-filter>
60-->src/main/AndroidManifest.xml:28:11-33:27
61                <action android:name="android.intent.action.VIEW" />
61-->src/main/AndroidManifest.xml:22:15-67
61-->src/main/AndroidManifest.xml:22:23-64
62
63                <category android:name="android.intent.category.DEFAULT" />
63-->src/main/AndroidManifest.xml:23:15-74
63-->src/main/AndroidManifest.xml:23:25-71
64                <category android:name="android.intent.category.BROWSABLE" />
64-->src/main/AndroidManifest.xml:24:15-76
64-->src/main/AndroidManifest.xml:24:25-73
65
66                <data android:scheme="osala" />
66-->src/main/AndroidManifest.xml:25:15-26:48
66-->src/main/AndroidManifest.xml:25:21-42
67            </intent-filter>
68            <intent-filter>
68-->src/main/AndroidManifest.xml:34:11-37:27
69                <action android:name="android.intent.action.MAIN" />
69-->src/main/AndroidManifest.xml:35:15-67
69-->src/main/AndroidManifest.xml:35:23-64
70
71                <category android:name="android.intent.category.LAUNCHER" />
71-->src/main/AndroidManifest.xml:36:15-75
71-->src/main/AndroidManifest.xml:36:25-72
72            </intent-filter>
73        </activity>
74
75        <service
75-->[:react-native-firebase_messaging] AndroidManifest.xml:14:9-16:40
76            android:name="io.invertase.firebase.messaging.ReactNativeFirebaseMessagingHeadlessService"
76-->[:react-native-firebase_messaging] AndroidManifest.xml:15:13-103
77            android:exported="false" />
77-->[:react-native-firebase_messaging] AndroidManifest.xml:16:13-37
78        <service
78-->[:react-native-firebase_messaging] AndroidManifest.xml:17:9-23:19
79            android:name="io.invertase.firebase.messaging.ReactNativeFirebaseMessagingService"
79-->[:react-native-firebase_messaging] AndroidManifest.xml:18:13-95
80            android:exported="false" >
80-->[:react-native-firebase_messaging] AndroidManifest.xml:19:13-37
81            <intent-filter>
81-->[:react-native-firebase_messaging] AndroidManifest.xml:20:13-22:29
82                <action android:name="com.google.firebase.MESSAGING_EVENT" />
82-->[:react-native-firebase_messaging] AndroidManifest.xml:21:17-78
82-->[:react-native-firebase_messaging] AndroidManifest.xml:21:25-75
83            </intent-filter>
84        </service>
85
86        <receiver
86-->[:react-native-firebase_messaging] AndroidManifest.xml:25:9-32:20
87            android:name="io.invertase.firebase.messaging.ReactNativeFirebaseMessagingReceiver"
87-->[:react-native-firebase_messaging] AndroidManifest.xml:26:13-96
88            android:exported="true"
88-->[:react-native-firebase_messaging] AndroidManifest.xml:27:13-36
89            android:permission="com.google.android.c2dm.permission.SEND" >
89-->[:react-native-firebase_messaging] AndroidManifest.xml:28:13-73
90            <intent-filter>
90-->[:react-native-firebase_messaging] AndroidManifest.xml:29:13-31:29
91                <action android:name="com.google.android.c2dm.intent.RECEIVE" />
91-->[:react-native-firebase_messaging] AndroidManifest.xml:30:17-81
91-->[:react-native-firebase_messaging] AndroidManifest.xml:30:25-78
92            </intent-filter>
93        </receiver>
94
95        <meta-data
95-->[:react-native-firebase_messaging] AndroidManifest.xml:34:9-36:36
96            android:name="firebase_messaging_auto_init_enabled"
96-->[:react-native-firebase_messaging] AndroidManifest.xml:35:13-64
97            android:value="true" />
97-->[:react-native-firebase_messaging] AndroidManifest.xml:36:13-33
98        <meta-data
98-->[:react-native-firebase_messaging] AndroidManifest.xml:37:9-39:32
99            android:name="com.google.firebase.messaging.default_notification_channel_id"
99-->[:react-native-firebase_messaging] AndroidManifest.xml:38:13-89
100            android:value="" />
100-->[:react-native-firebase_messaging] AndroidManifest.xml:39:13-29
101        <meta-data
101-->[:react-native-firebase_messaging] AndroidManifest.xml:40:9-42:47
102            android:name="com.google.firebase.messaging.default_notification_color"
102-->[:react-native-firebase_messaging] AndroidManifest.xml:41:13-84
103            android:resource="@color/white" />
103-->[:react-native-firebase_messaging] AndroidManifest.xml:42:13-44
104        <meta-data
104-->[:react-native-firebase_app] AndroidManifest.xml:11:9-13:36
105            android:name="app_data_collection_default_enabled"
105-->[:react-native-firebase_app] AndroidManifest.xml:12:13-63
106            android:value="true" />
106-->[:react-native-firebase_app] AndroidManifest.xml:13:13-33
107
108        <service
108-->[:react-native-firebase_app] AndroidManifest.xml:15:9-23:19
109            android:name="com.google.firebase.components.ComponentDiscoveryService"
109-->[:react-native-firebase_app] AndroidManifest.xml:16:13-84
110            android:directBootAware="true"
110-->[:react-native-firebase_app] AndroidManifest.xml:17:13-43
111            android:exported="false" >
111-->[:react-native-firebase_app] AndroidManifest.xml:18:13-37
112            <meta-data
112-->[:react-native-firebase_app] AndroidManifest.xml:20:13-22:85
113                android:name="com.google.firebase.components:io.invertase.firebase.app.ReactNativeFirebaseAppRegistrar"
113-->[:react-native-firebase_app] AndroidManifest.xml:21:17-120
114                android:value="com.google.firebase.components.ComponentRegistrar" />
114-->[:react-native-firebase_app] AndroidManifest.xml:22:17-82
115            <meta-data
115-->[com.google.firebase:firebase-firestore:24.4.1] AndroidManifest.xml:19:13-21:85
116                android:name="com.google.firebase.components:com.google.firebase.firestore.FirestoreRegistrar"
116-->[com.google.firebase:firebase-firestore:24.4.1] AndroidManifest.xml:20:17-111
117                android:value="com.google.firebase.components.ComponentRegistrar" />
117-->[com.google.firebase:firebase-firestore:24.4.1] AndroidManifest.xml:21:17-82
118            <meta-data
118-->[com.google.firebase:firebase-messaging:23.1.0] AndroidManifest.xml:55:13-57:85
119                android:name="com.google.firebase.components:com.google.firebase.messaging.FirebaseMessagingRegistrar"
119-->[com.google.firebase:firebase-messaging:23.1.0] AndroidManifest.xml:56:17-119
120                android:value="com.google.firebase.components.ComponentRegistrar" />
120-->[com.google.firebase:firebase-messaging:23.1.0] AndroidManifest.xml:57:17-82
121            <meta-data
121-->[com.google.firebase:firebase-datatransport:18.1.7] AndroidManifest.xml:27:13-29:85
122                android:name="com.google.firebase.components:com.google.firebase.datatransport.TransportRegistrar"
122-->[com.google.firebase:firebase-datatransport:18.1.7] AndroidManifest.xml:28:17-115
123                android:value="com.google.firebase.components.ComponentRegistrar" />
123-->[com.google.firebase:firebase-datatransport:18.1.7] AndroidManifest.xml:29:17-82
124            <meta-data
124-->[com.google.firebase:firebase-installations:17.1.0] AndroidManifest.xml:17:13-19:85
125                android:name="com.google.firebase.components:com.google.firebase.installations.FirebaseInstallationsRegistrar"
125-->[com.google.firebase:firebase-installations:17.1.0] AndroidManifest.xml:18:17-127
126                android:value="com.google.firebase.components.ComponentRegistrar" />
126-->[com.google.firebase:firebase-installations:17.1.0] AndroidManifest.xml:19:17-82
127        </service>
128
129        <provider
129-->[:react-native-firebase_app] AndroidManifest.xml:25:9-29:38
130            android:name="io.invertase.firebase.app.ReactNativeFirebaseAppInitProvider"
130-->[:react-native-firebase_app] AndroidManifest.xml:26:13-88
131            android:authorities="com.osala.reactnativefirebaseappinitprovider"
131-->[:react-native-firebase_app] AndroidManifest.xml:27:13-86
132            android:exported="false"
132-->[:react-native-firebase_app] AndroidManifest.xml:28:13-37
133            android:initOrder="99" />
133-->[:react-native-firebase_app] AndroidManifest.xml:29:13-35
134        <provider
134-->[:react-native-image-crop-picker] AndroidManifest.xml:18:9-26:20
135            android:name="androidx.core.content.FileProvider"
135-->[:react-native-image-crop-picker] AndroidManifest.xml:19:13-62
136            android:authorities="com.osala.provider"
136-->[:react-native-image-crop-picker] AndroidManifest.xml:20:13-60
137            android:exported="false"
137-->[:react-native-image-crop-picker] AndroidManifest.xml:21:13-37
138            android:grantUriPermissions="true" >
138-->[:react-native-image-crop-picker] AndroidManifest.xml:22:13-47
139            <meta-data
139-->[:react-native-image-crop-picker] AndroidManifest.xml:23:13-25:58
140                android:name="android.support.FILE_PROVIDER_PATHS"
140-->[:react-native-image-crop-picker] AndroidManifest.xml:24:17-67
141                android:resource="@xml/provider_paths" />
141-->[:react-native-image-crop-picker] AndroidManifest.xml:25:17-55
142        </provider>
143
144        <activity
144-->[:react-native-image-crop-picker] AndroidManifest.xml:28:9-30:72
145            android:name="com.yalantis.ucrop.UCropActivity"
145-->[:react-native-image-crop-picker] AndroidManifest.xml:29:13-60
146            android:theme="@style/Theme.AppCompat.Light.NoActionBar" />
146-->[:react-native-image-crop-picker] AndroidManifest.xml:30:13-69
147
148        <provider
148-->[:react-native-webview] AndroidManifest.xml:10:9-18:20
149            android:name="com.reactnativecommunity.webview.RNCWebViewFileProvider"
149-->[:react-native-webview] AndroidManifest.xml:11:13-83
150            android:authorities="com.osala.fileprovider"
150-->[:react-native-webview] AndroidManifest.xml:12:13-64
151            android:exported="false"
151-->[:react-native-webview] AndroidManifest.xml:13:13-37
152            android:grantUriPermissions="true" >
152-->[:react-native-webview] AndroidManifest.xml:14:13-47
153            <meta-data
153-->[:react-native-image-crop-picker] AndroidManifest.xml:23:13-25:58
154                android:name="android.support.FILE_PROVIDER_PATHS"
154-->[:react-native-image-crop-picker] AndroidManifest.xml:24:17-67
155                android:resource="@xml/file_provider_paths" />
155-->[:react-native-image-crop-picker] AndroidManifest.xml:25:17-55
156        </provider>
157
158        <receiver
158-->[com.google.firebase:firebase-messaging:23.1.0] AndroidManifest.xml:31:9-38:20
159            android:name="com.google.firebase.iid.FirebaseInstanceIdReceiver"
159-->[com.google.firebase:firebase-messaging:23.1.0] AndroidManifest.xml:32:13-78
160            android:exported="true"
160-->[com.google.firebase:firebase-messaging:23.1.0] AndroidManifest.xml:33:13-36
161            android:permission="com.google.android.c2dm.permission.SEND" >
161-->[com.google.firebase:firebase-messaging:23.1.0] AndroidManifest.xml:34:13-73
162            <intent-filter>
162-->[:react-native-firebase_messaging] AndroidManifest.xml:29:13-31:29
163                <action android:name="com.google.android.c2dm.intent.RECEIVE" />
163-->[:react-native-firebase_messaging] AndroidManifest.xml:30:17-81
163-->[:react-native-firebase_messaging] AndroidManifest.xml:30:25-78
164            </intent-filter>
165        </receiver>
166        <!--
167             FirebaseMessagingService performs security checks at runtime,
168             but set to not exported to explicitly avoid allowing another app to call it.
169        -->
170        <service
170-->[com.google.firebase:firebase-messaging:23.1.0] AndroidManifest.xml:44:9-51:19
171            android:name="com.google.firebase.messaging.FirebaseMessagingService"
171-->[com.google.firebase:firebase-messaging:23.1.0] AndroidManifest.xml:45:13-82
172            android:directBootAware="true"
172-->[com.google.firebase:firebase-messaging:23.1.0] AndroidManifest.xml:46:13-43
173            android:exported="false" >
173-->[com.google.firebase:firebase-messaging:23.1.0] AndroidManifest.xml:47:13-37
174            <intent-filter android:priority="-500" >
174-->[:react-native-firebase_messaging] AndroidManifest.xml:20:13-22:29
175                <action android:name="com.google.firebase.MESSAGING_EVENT" />
175-->[:react-native-firebase_messaging] AndroidManifest.xml:21:17-78
175-->[:react-native-firebase_messaging] AndroidManifest.xml:21:25-75
176            </intent-filter>
177        </service>
178        <service
178-->[com.google.android.datatransport:transport-backend-cct:3.1.8] AndroidManifest.xml:28:9-34:19
179            android:name="com.google.android.datatransport.runtime.backends.TransportBackendDiscovery"
179-->[com.google.android.datatransport:transport-backend-cct:3.1.8] AndroidManifest.xml:29:13-103
180            android:exported="false" >
180-->[com.google.android.datatransport:transport-backend-cct:3.1.8] AndroidManifest.xml:30:13-37
181            <meta-data
181-->[com.google.android.datatransport:transport-backend-cct:3.1.8] AndroidManifest.xml:31:13-33:39
182                android:name="backend:com.google.android.datatransport.cct.CctBackendFactory"
182-->[com.google.android.datatransport:transport-backend-cct:3.1.8] AndroidManifest.xml:32:17-94
183                android:value="cct" />
183-->[com.google.android.datatransport:transport-backend-cct:3.1.8] AndroidManifest.xml:33:17-36
184        </service>
185        <service
185-->[com.google.android.datatransport:transport-runtime:3.1.8] AndroidManifest.xml:26:9-30:19
186            android:name="com.google.android.datatransport.runtime.scheduling.jobscheduling.JobInfoSchedulerService"
186-->[com.google.android.datatransport:transport-runtime:3.1.8] AndroidManifest.xml:27:13-117
187            android:exported="false"
187-->[com.google.android.datatransport:transport-runtime:3.1.8] AndroidManifest.xml:28:13-37
188            android:permission="android.permission.BIND_JOB_SERVICE" >
188-->[com.google.android.datatransport:transport-runtime:3.1.8] AndroidManifest.xml:29:13-69
189        </service>
190
191        <receiver
191-->[com.google.android.datatransport:transport-runtime:3.1.8] AndroidManifest.xml:32:9-34:40
192            android:name="com.google.android.datatransport.runtime.scheduling.jobscheduling.AlarmManagerSchedulerBroadcastReceiver"
192-->[com.google.android.datatransport:transport-runtime:3.1.8] AndroidManifest.xml:33:13-132
193            android:exported="false" />
193-->[com.google.android.datatransport:transport-runtime:3.1.8] AndroidManifest.xml:34:13-37
194
195        <meta-data
195-->[com.github.bumptech.glide:okhttp3-integration:4.12.0] AndroidManifest.xml:11:9-13:43
196            android:name="com.bumptech.glide.integration.okhttp3.OkHttpGlideModule"
196-->[com.github.bumptech.glide:okhttp3-integration:4.12.0] AndroidManifest.xml:12:13-84
197            android:value="GlideModule" />
197-->[com.github.bumptech.glide:okhttp3-integration:4.12.0] AndroidManifest.xml:13:13-40
198
199        <activity
199-->[com.google.android.gms:play-services-auth:20.3.0] AndroidManifest.xml:23:9-27:75
200            android:name="com.google.android.gms.auth.api.signin.internal.SignInHubActivity"
200-->[com.google.android.gms:play-services-auth:20.3.0] AndroidManifest.xml:24:13-93
201            android:excludeFromRecents="true"
201-->[com.google.android.gms:play-services-auth:20.3.0] AndroidManifest.xml:25:13-46
202            android:exported="false"
202-->[com.google.android.gms:play-services-auth:20.3.0] AndroidManifest.xml:26:13-37
203            android:theme="@android:style/Theme.Translucent.NoTitleBar" />
203-->[com.google.android.gms:play-services-auth:20.3.0] AndroidManifest.xml:27:13-72
204        <!--
205            Service handling Google Sign-In user revocation. For apps that do not integrate with
206            Google Sign-In, this service will never be started.
207        -->
208        <service
208-->[com.google.android.gms:play-services-auth:20.3.0] AndroidManifest.xml:33:9-37:51
209            android:name="com.google.android.gms.auth.api.signin.RevocationBoundService"
209-->[com.google.android.gms:play-services-auth:20.3.0] AndroidManifest.xml:34:13-89
210            android:exported="true"
210-->[com.google.android.gms:play-services-auth:20.3.0] AndroidManifest.xml:35:13-36
211            android:permission="com.google.android.gms.auth.api.signin.permission.REVOCATION_NOTIFICATION"
211-->[com.google.android.gms:play-services-auth:20.3.0] AndroidManifest.xml:36:13-107
212            android:visibleToInstantApps="true" />
212-->[com.google.android.gms:play-services-auth:20.3.0] AndroidManifest.xml:37:13-48
213
214        <activity
214-->[com.google.android.gms:play-services-base:18.0.1] AndroidManifest.xml:20:9-22:45
215            android:name="com.google.android.gms.common.api.GoogleApiActivity"
215-->[com.google.android.gms:play-services-base:18.0.1] AndroidManifest.xml:20:19-85
216            android:exported="false"
216-->[com.google.android.gms:play-services-base:18.0.1] AndroidManifest.xml:22:19-43
217            android:theme="@android:style/Theme.Translucent.NoTitleBar" />
217-->[com.google.android.gms:play-services-base:18.0.1] AndroidManifest.xml:21:19-78
218
219        <provider
219-->[com.google.firebase:firebase-common:20.2.0] AndroidManifest.xml:25:9-30:39
220            android:name="com.google.firebase.provider.FirebaseInitProvider"
220-->[com.google.firebase:firebase-common:20.2.0] AndroidManifest.xml:26:13-77
221            android:authorities="com.osala.firebaseinitprovider"
221-->[com.google.firebase:firebase-common:20.2.0] AndroidManifest.xml:27:13-72
222            android:directBootAware="true"
222-->[com.google.firebase:firebase-common:20.2.0] AndroidManifest.xml:28:13-43
223            android:exported="false"
223-->[com.google.firebase:firebase-common:20.2.0] AndroidManifest.xml:29:13-37
224            android:initOrder="100" />
224-->[com.google.firebase:firebase-common:20.2.0] AndroidManifest.xml:30:13-36
225
226        <meta-data
226-->[com.google.android.gms:play-services-basement:18.1.0] AndroidManifest.xml:21:9-23:69
227            android:name="com.google.android.gms.version"
227-->[com.google.android.gms:play-services-basement:18.1.0] AndroidManifest.xml:22:13-58
228            android:value="@integer/google_play_services_version" /> <!-- The activities will be merged into the manifest of the hosting app. -->
228-->[com.google.android.gms:play-services-basement:18.1.0] AndroidManifest.xml:23:13-66
229        <activity
229-->[com.google.android.play:core:1.9.0] AndroidManifest.xml:12:5-271
230            android:name="com.google.android.play.core.missingsplits.PlayCoreMissingSplitsActivity"
230-->[com.google.android.play:core:1.9.0] AndroidManifest.xml:12:15-102
231            android:enabled="false"
231-->[com.google.android.play:core:1.9.0] AndroidManifest.xml:12:103-126
232            android:exported="false"
232-->[com.google.android.play:core:1.9.0] AndroidManifest.xml:12:127-151
233            android:launchMode="singleInstance"
233-->[com.google.android.play:core:1.9.0] AndroidManifest.xml:12:204-239
234            android:process=":playcore_missing_splits_activity"
234-->[com.google.android.play:core:1.9.0] AndroidManifest.xml:12:152-203
235            android:stateNotNeeded="true" />
235-->[com.google.android.play:core:1.9.0] AndroidManifest.xml:12:240-269
236        <activity
236-->[com.google.android.play:core:1.9.0] AndroidManifest.xml:13:5-226
237            android:name="com.google.android.play.core.common.PlayCoreDialogWrapperActivity"
237-->[com.google.android.play:core:1.9.0] AndroidManifest.xml:13:15-95
238            android:enabled="false"
238-->[com.google.android.play:core:1.9.0] AndroidManifest.xml:13:96-119
239            android:exported="false"
239-->[com.google.android.play:core:1.9.0] AndroidManifest.xml:13:120-144
240            android:stateNotNeeded="true"
240-->[com.google.android.play:core:1.9.0] AndroidManifest.xml:13:145-174
241            android:theme="@style/Theme.PlayCore.Transparent" /> <!-- The service will be merged into the manifest of the hosting app. -->
241-->[com.google.android.play:core:1.9.0] AndroidManifest.xml:13:175-224
242        <service
242-->[com.google.android.play:core:1.9.0] AndroidManifest.xml:16:5-145
243            android:name="com.google.android.play.core.assetpacks.AssetPackExtractionService"
243-->[com.google.android.play:core:1.9.0] AndroidManifest.xml:16:14-95
244            android:enabled="false"
244-->[com.google.android.play:core:1.9.0] AndroidManifest.xml:16:96-119
245            android:exported="true" />
245-->[com.google.android.play:core:1.9.0] AndroidManifest.xml:16:120-143
246    </application>
247
248</manifest>